TN:
SF:src/presentation/controllers/signup/signup-protocols.ts
FN:1,(empty-report)
FNF:1
FNH:0
FNDA:0,(empty-report)
DA:1,0
DA:2,0
DA:3,0
DA:4,0
LF:4
LH:0
BRDA:1,0,0,0
BRF:1
BRH:0
end_of_record
TN:
SF:src/presentation/controllers/signup/signup.ts
FN:11,SignUpController
FN:16,handle
FNF:2
FNH:2
FNDA:11,SignUpController
FNDA:11,handle
DA:1,1
DA:2,1
DA:3,1
DA:4,1
DA:5,1
DA:6,1
DA:7,1
DA:8,1
DA:9,1
DA:10,1
DA:11,1
DA:12,11
DA:13,11
DA:14,11
DA:15,1
DA:16,1
DA:17,11
DA:18,11
DA:19,11
DA:20,11
DA:21,38
DA:22,4
DA:23,4
DA:24,38
DA:25,7
DA:26,11
DA:27,1
DA:28,1
DA:29,6
DA:30,11
DA:31,1
DA:32,1
DA:33,4
DA:34,4
DA:35,4
DA:36,4
DA:37,4
DA:38,4
DA:39,4
DA:40,4
DA:41,4
DA:42,11
DA:43,2
DA:44,2
DA:45,11
DA:46,1
LF:46
LH:46
BRDA:11,0,0,11
BRDA:16,1,0,11
BRDA:20,2,0,38
BRDA:21,3,0,4
BRDA:25,4,0,7
BRDA:26,5,0,1
BRDA:29,6,0,6
BRDA:30,7,0,1
BRDA:33,8,0,4
BRDA:42,9,0,2
BRF:10
BRH:10
end_of_record
TN:
SF:src/presentation/errors/index.ts
FNF:0
FNH:0
DA:1,1
DA:2,1
DA:3,1
LF:3
LH:3
BRF:0
BRH:0
end_of_record
