TN:
SF:src/presentation/controllers/signup/signup-protocols.ts
FN:1,(empty-report)
FNF:1
FNH:0
FNDA:0,(empty-report)
DA:1,0
DA:2,0
DA:3,0
DA:4,0
LF:4
LH:0
BRDA:1,0,0,0
BRF:1
BRH:0
end_of_record
TN:
SF:src/presentation/controllers/signup/signup.ts
FN:11,SignUpController
FN:16,handle
FNF:2
FNH:2
FNDA:10,SignUpController
FNDA:10,handle
DA:1,1
DA:2,1
DA:3,1
DA:4,1
DA:5,1
DA:6,1
DA:7,1
DA:8,1
DA:9,1
DA:10,1
DA:11,1
DA:12,10
DA:13,10
DA:14,10
DA:15,1
DA:16,1
DA:17,10
DA:18,10
DA:19,10
DA:20,10
DA:21,34
DA:22,4
DA:23,4
DA:24,34
DA:25,6
DA:26,10
DA:27,1
DA:28,1
DA:29,5
DA:30,10
DA:31,1
DA:32,1
DA:33,3
DA:34,3
DA:35,3
DA:36,3
DA:37,3
DA:38,10
DA:39,2
DA:40,2
DA:41,10
DA:42,1
LF:42
LH:42
BRDA:11,0,0,10
BRDA:16,1,0,10
BRDA:20,2,0,34
BRDA:21,3,0,4
BRDA:25,4,0,6
BRDA:26,5,0,1
BRDA:29,6,0,5
BRDA:30,7,0,1
BRDA:33,8,0,3
BRDA:38,9,0,2
BRF:10
BRH:10
end_of_record
TN:
SF:src/presentation/errors/index.ts
FNF:0
FNH:0
DA:1,1
DA:2,1
DA:3,1
LF:3
LH:3
BRF:0
BRH:0
end_of_record
